<?xml version="1.0" encoding="UTF-8"?>
<testsuite xmlns:xsi="http://www.w3.org/2001/XMLSchema-instance" xsi:noNamespaceSchemaLocation="https://maven.apache.org/surefire/maven-surefire-plugin/xsd/surefire-test-report.xsd" version="3.0.2" name="com.example.demo_api_movie.MovieService.MovieServiceTest" time="0.539" tests="10" errors="0" skipped="0" failures="0">
  <properties>
[...]
</properties>
  <testcase name="deleteMovie_shouldDeleteAndRemoveS3File" classname="com.example.demo_api_movie.MovieService.MovieServiceTest" time="0.404"/>
  <testcase name="createMovie_shouldSaveAndReturnDto" classname="com.example.demo_api_movie.MovieService.MovieServiceTest" time="0.089"/>
  <testcase name="getMovieById_shouldReturnDto_whenFound" classname="com.example.demo_api_movie.MovieService.MovieServiceTest" time="0.003"/>
  <testcase name="getMovieById_shouldThrowNotFound_whenMissing" classname="com.example.demo_api_movie.MovieService.MovieServiceTest" time="0.009"/>
  <testcase name="createMovie_shouldThrowNotFound_ifGenreMissing" classname="com.example.demo_api_movie.MovieService.MovieServiceTest" time="0.003"/>
  <testcase name="deleteMovie_shouldThrow_whenNotFound" classname="com.example.demo_api_movie.MovieService.MovieServiceTest" time="0.0"/>
  <testcase name="getKeyS3ByFullUrl_shouldThrowException_ifNull" classname="com.example.demo_api_movie.MovieService.MovieServiceTest" time="0.009"/>
  <testcase name="getKeyS3ByFullUrl_shouldReturnLastPart" classname="com.example.demo_api_movie.MovieService.MovieServiceTest" time="0.004"/>
  <testcase name="getKeyS3ByFullUrl_shouldReturnEmpty_ifEmptyString" classname="com.example.demo_api_movie.MovieService.MovieServiceTest" time="0.003"/>
  <testcase name="updateMovie_shouldReplaceBackground_whenChanged" classname="com.example.demo_api_movie.MovieService.MovieServiceTest" time="0.006"/>
</testsuite>